\BOOKMARK [1][-]{section.1}{\376\377\000\332\000v\000o\000d}{}% 1
\BOOKMARK [1][-]{section.2}{\376\377\000Z\000a\000d\000\341\000n\000\355\000\040\000p\000r\000o\000j\000e\000k\000t\000u}{}% 2
\BOOKMARK [1][-]{section.3}{\376\377\000S\000t\000r\000a\000t\000e\000g\000i\000e\000\040\000-\000\040\000b\000u\000s\000i\000n\000e\000s\000s}{}% 3
\BOOKMARK [2][-]{subsection.3.1}{\376\377\000D\000e\000k\000l\000a\000r\000a\000c\000e\000\040\000z\000\341\000m\001\033\000r\000u}{section.3}% 4
\BOOKMARK [3][-]{subsubsection.3.1.1}{\376\377\000M\000i\000s\000e\000\040\000-\000\040\000p\000r\000o\000j\000e\000k\000t}{subsection.3.1}% 5
\BOOKMARK [3][-]{subsubsection.3.1.2}{\376\377\000V\000i\000z\000e\000\040\000-\000\040\000p\000r\000o\000j\000e\000k\000t}{subsection.3.1}% 6
\BOOKMARK [3][-]{subsubsection.3.1.3}{\376\377\000M\000i\000s\000e\000\040\000-\000\040\000f\000i\000r\000m\000a\000\040\000H\000n\000a\000Z\000a\000k}{subsection.3.1}% 7
\BOOKMARK [3][-]{subsubsection.3.1.4}{\376\377\000V\000i\000z\000e\000\040\000-\000\040\000f\000i\000r\000m\000a\000\040\000H\000n\000a\000Z\000a\000k}{subsection.3.1}% 8
\BOOKMARK [2][-]{subsection.3.2}{\376\377\000s\000t\000a\000v\000\040\040\036\000A\000S\000\040\000I\000S\040\034}{section.3}% 9
\BOOKMARK [2][-]{subsection.3.3}{\376\377\000s\000t\000a\000v\000\040\040\036\000T\000O\000\040\000B\000E\040\034}{section.3}% 10
\BOOKMARK [2][-]{subsection.3.4}{\376\377\000S\000M\000A\000R\000T}{section.3}% 11
\BOOKMARK [3][-]{subsubsection.3.4.1}{\376\377\000S\000p\000e\000c\000i\000f\000i\000c}{subsection.3.4}% 12
\BOOKMARK [3][-]{subsubsection.3.4.2}{\376\377\000M\000e\000a\000s\000u\000r\000a\000b\000l\000e}{subsection.3.4}% 13
\BOOKMARK [3][-]{subsubsection.3.4.3}{\376\377\000A\000l\000i\000g\000n\000e\000d}{subsection.3.4}% 14
\BOOKMARK [3][-]{subsubsection.3.4.4}{\376\377\000R\000e\000a\000l\000i\000s\000t\000i\000c}{subsection.3.4}% 15
\BOOKMARK [3][-]{subsubsection.3.4.5}{\376\377\000T\000i\000m\000e\000d}{subsection.3.4}% 16
\BOOKMARK [2][-]{subsection.3.5}{\376\377\000O\000b\000c\000h\000o\000d\000n\000\355\000\040\000p\001\131\000\355\000n\000o\000s}{section.3}% 17
\BOOKMARK [3][-]{subsubsection.3.5.1}{\376\377\000N\000\341\000k\000l\000a\000d\000y}{subsection.3.5}% 18
\BOOKMARK [3][-]{subsubsection.3.5.2}{\376\377\000P\001\131\000\355\000n\000o\000s\000y}{subsection.3.5}% 19
\BOOKMARK [2][-]{subsection.3.6}{\376\377\000S\000W\000O\000T}{section.3}% 20
\BOOKMARK [3][-]{subsubsection.3.6.1}{\376\377\000S\000i\000l\000n\000\351\000\040\000s\000t\000r\000\341\000n\000k\000y}{subsection.3.6}% 21
\BOOKMARK [3][-]{subsubsection.3.6.2}{\376\377\000S\000l\000a\000b\000\351\000\040\000s\000t\000r\000\341\000n\000k\000y}{subsection.3.6}% 22
\BOOKMARK [3][-]{subsubsection.3.6.3}{\376\377\000P\001\131\000\355\000l\000e\001\176\000i\000t\000o\000s\000t\000i}{subsection.3.6}% 23
\BOOKMARK [3][-]{subsubsection.3.6.4}{\376\377\000T\000h\000r\000e\000a\000t\000s}{subsection.3.6}% 24
\BOOKMARK [3][-]{subsubsection.3.6.5}{\376\377\000V\000y\000h\000o\000d\000n\000o\000c\000e\000n\000\355\000\040\000S\000W\000O\000T}{subsection.3.6}% 25
\BOOKMARK [2][-]{subsection.3.7}{\376\377\000A\000n\000a\000l\000\375\000z\000a\000\040\000p\001\157\000s\000o\000b\000\355\000c\000\355\000c\000h\000\040\000p\001\033\000t\000i\000\040\000s\000i\000l\000\040\000\050\0005\000F\000\051}{section.3}% 26
\BOOKMARK [3][-]{subsubsection.3.7.1}{\376\377\000K\000o\000n\000k\000u\000r\000e\000n\000c\000e}{subsection.3.7}% 27
\BOOKMARK [3][-]{subsubsection.3.7.2}{\376\377\000S\000\355\000l\000y\000\040\000d\000o\000d\000a\000v\000a\000t\000e\000l\001\157}{subsection.3.7}% 28
\BOOKMARK [3][-]{subsubsection.3.7.3}{\376\377\000S\000\355\000l\000y\000\040\000o\000d\000b\001\033\000r\000a\000t\000e\000l\001\157}{subsection.3.7}% 29
\BOOKMARK [3][-]{subsubsection.3.7.4}{\376\377\000S\000u\000b\000s\000t\000i\000t\000u\000t\000\351}{subsection.3.7}% 30
\BOOKMARK [3][-]{subsubsection.3.7.5}{\376\377\000N\000o\000v\001\033\000\040\000p\001\131\000\355\000c\000h\000o\000z\000\355}{subsection.3.7}% 31
\BOOKMARK [2][-]{subsection.3.8}{\376\377\000A\000n\000a\000l\000\375\000z\000a\000\040\000P\000E\000S\000T\000\050\000E\000L\000\051}{section.3}% 32
\BOOKMARK [3][-]{subsubsection.3.8.1}{\376\377\000P\000o\000l\000i\000t\000i\000c\000k\000o\000\040\000-\000\040\000P\000r\000\341\000v\000n\000\355\000\040\000o\000k\000o\000l\000\355}{subsection.3.8}% 33
\BOOKMARK [3][-]{subsubsection.3.8.2}{\376\377\000E\000k\000o\000n\000o\000m\000i\000c\000k\000\351\000\040\000o\000k\000o\000l\000\355}{subsection.3.8}% 34
\BOOKMARK [3][-]{subsubsection.3.8.3}{\376\377\000S\000o\000c\000i\000\341\000l\000n\001\033\000\040\000-\000\040\000k\000u\000l\000t\000u\000r\000n\000\355\000\040\000o\000k\000o\000l\000\355}{subsection.3.8}% 35
\BOOKMARK [3][-]{subsubsection.3.8.4}{\376\377\000T\000e\000c\000h\000o\000l\000o\000g\000i\000c\000k\000\351\000\040\000o\000k\000o\000l\000\355}{subsection.3.8}% 36
\BOOKMARK [3][-]{subsubsection.3.8.5}{\376\377\000E\000k\000o\000l\000o\000g\000i\000c\000k\000\351\000\040\000v\000l\000i\000v\000y}{subsection.3.8}% 37
\BOOKMARK [3][-]{subsubsection.3.8.6}{\376\377\000L\000e\000g\000i\000s\000l\000a\000t\000i\000v\000n\000\355\000\040\000v\000l\000i\000v\000y}{subsection.3.8}% 38
\BOOKMARK [2][-]{subsection.3.9}{\376\377\000L\000o\000g\000F\000r\000a\000m\000e\000\040\000-\000\040\000l\000o\000g\000i\000c\000k\000\375\000\040\000r\000\341\000m\000e\000c\000\040\000p\000r\000o\000j\000e\000k\000t\000u}{section.3}% 39
\BOOKMARK [2][-]{subsection.3.10}{\376\377\000P\000l\000\341\000n\000\040\000m\000e\000t\000r\000i\000k}{section.3}% 40
\BOOKMARK [1][-]{section.4}{\376\377\000\332\000v\000o\000d\000n\000\355\000\040\000s\000t\000u\000d\000i\000e}{}% 41
\BOOKMARK [2][-]{subsection.4.1}{\376\377\000F\000u\000n\000k\001\015\000n\000\355\000\040\000p\000o\001\176\000a\000d\000a\000v\000k\000y}{section.4}% 42
\BOOKMARK [2][-]{subsection.4.2}{\376\377\000N\000e\000f\000u\000n\000k\001\015\000n\000\355\000\040\000p\000o\001\176\000a\000d\000a\000v\000k\000y}{section.4}% 43
\BOOKMARK [2][-]{subsection.4.3}{\376\377\000N\000\341\000v\000r\000h\000\040\001\131\000e\001\141\000e\000n\000\355\000\040\000a\000\040\000v\000o\000l\000b\000a\000\040\000z\000\040\000a\000l\000t\000e\000r\000n\000a\000t\000i\000v}{section.4}% 44
\BOOKMARK [1][-]{section.5}{\376\377\000R\000e\000a\000l\000i\000z\000a\000c\000e}{}% 45
\BOOKMARK [2][-]{subsection.5.1}{\376\377\000O\000r\000g\000a\000n\000i\000z\000a\001\015\000n\000\355\000\040\000s\000t\000r\000u\000k\000t\000u\000r\000a\000,\000\040\000t\000e\000a\000m\000\040\000a\000\040\000r\000o\000l\000e}{section.5}% 46
\BOOKMARK [3][-]{subsubsection.5.1.1}{\376\377\000M\000a\000t\000i\000c\000e\000\040\000z\000o\000d\000p\000o\000v\001\033\000d\000n\000o\000s\000t\000i}{subsection.5.1}% 47
\BOOKMARK [2][-]{subsection.5.2}{\376\377\000Z\000a\000j\000i\001\141\000t\001\033\000n\000\355\000\040\000p\000r\000o\000j\000e\000k\000t\000u}{section.5}% 48
\BOOKMARK [2][-]{subsection.5.3}{\376\377\001\140\000k\000o\000l\000e\000n\000\355}{section.5}% 49
\BOOKMARK [2][-]{subsection.5.4}{\376\377\000W\000B\000S}{section.5}% 50
\BOOKMARK [2][-]{subsection.5.5}{\376\377\000G\000A\000N\000T\000T}{section.5}% 51
\BOOKMARK [2][-]{subsection.5.6}{\376\377\000A\000n\000a\000l\000\375\000z\000a\000\040\000r\000i\000z\000i\000k}{section.5}% 52
\BOOKMARK [1][-]{section.6}{\376\377\000O\000d\000b\000a\000v\000e\000n\000\355\000\040\000a\000\040\000p\000o\000d\000p\000o\000r\000a}{}% 53
\BOOKMARK [2][-]{subsection.6.1}{\376\377\000P\000l\000\341\000n\000\040\000o\000d\000b\000a\000v\000e\000n\000\355}{section.6}% 54
\BOOKMARK [2][-]{subsection.6.2}{\376\377\000P\000l\000\341\000n\000\040\000p\000o\000d\000p\000o\000r\000y}{section.6}% 55
\BOOKMARK [2][-]{subsection.6.3}{\376\377\000P\000l\000\341\000n\000\040\000o\000d\000s\000t\000a\000v\000e\000n\000\355}{section.6}% 56
\BOOKMARK [1][-]{section.7}{\376\377\000V\000y\000h\000o\000d\000n\000o\000c\000e\000n\000\355\000\040\000p\000r\000o\000j\000e\000k\000t\000u}{}% 57
\BOOKMARK [2][-]{subsection.7.1}{\376\377\000Z\000n\000o\000v\000u\000p\000o\000u\001\176\000i\000t\000e\000l\000n\000\351\000\040\000a\000r\000t\000e\000f\000a\000k\000t\000y}{section.7}% 58
\BOOKMARK [2][-]{subsection.7.2}{\376\377\000Z\000h\000o\000d\000n\000o\000c\000e\000n\000\355\000\040\000t\000v\000o\001\131\000i\000t\000e\000l\001\157}{section.7}% 59
